<?xml version="1.0" encoding="UTF-8"?>
<coverage generated="1758990937700" clover="3.2.0">
  <project timestamp="1758990937701" name="All files">
    <metrics statements="21" coveredstatements="20" conditionals="17" coveredconditionals="15" methods="2" coveredmethods="2" elements="40" coveredelements="37" complexity="0" loc="21" ncloc="21" packages="1" files="1" classes="1"/>
    <file name="descuento.ts" path="C:\Users\oliva\Desktop\node-jest-typescript\src\domain\descuento.ts">
      <metrics statements="21" coveredstatements="20" conditionals="17" coveredconditionals="15" methods="2" coveredmethods="2"/>
      <line num="5" count="8" type="cond" truecount="0" falsecount="1"/>
      <line num="6" count="8" type="cond" truecount="3" falsecount="0"/>
      <line num="7" count="7" type="cond" truecount="3" falsecount="0"/>
      <line num="8" count="6" type="cond" truecount="2" falsecount="1"/>
      <line num="9" count="0" type="stmt"/>
      <line num="13" count="1" type="stmt"/>
      <line num="14" count="8" type="stmt"/>
      <line num="16" count="6" type="stmt"/>
      <line num="18" count="6" type="cond" truecount="1" falsecount="0"/>
      <line num="19" count="1" type="stmt"/>
      <line num="27" count="5" type="stmt"/>
      <line num="28" count="5" type="stmt"/>
      <line num="30" count="5" type="cond" truecount="3" falsecount="0"/>
      <line num="31" count="3" type="stmt"/>
      <line num="32" count="3" type="stmt"/>
      <line num="33" count="3" type="stmt"/>
      <line num="36" count="5" type="cond" truecount="3" falsecount="0"/>
      <line num="37" count="3" type="stmt"/>
      <line num="38" count="3" type="stmt"/>
      <line num="39" count="3" type="stmt"/>
      <line num="42" count="5" type="stmt"/>
    </file>
  </project>
</coverage>
