<?xml version="1.0" encoding="UTF-8"?>
<coverage generated="1757698739616" clover="3.2.0">
  <project timestamp="1757698739616" name="All files">
    <metrics statements="10" coveredstatements="7" conditionals="8" coveredconditionals="3" methods="2" coveredmethods="2" elements="20" coveredelements="12" complexity="0" loc="10" ncloc="10" packages="1" files="2" classes="2"/>
    <file name="mayor-edad.ts" path="C:\Users\oliva\Desktop\node-jest-typescript\src\domain\mayor-edad.ts">
      <metrics statements="4" coveredstatements="4" conditionals="2" coveredconditionals="2" methods="1" coveredmethods="1"/>
      <line num="11" count="1" type="stmt"/>
      <line num="13" count="16" type="cond" truecount="1" falsecount="0"/>
      <line num="15" count="5" type="cond" truecount="1" falsecount="0"/>
      <line num="19" count="4" type="stmt"/>
    </file>
    <file name="prestamo.ts" path="C:\Users\oliva\Desktop\node-jest-typescript\src\domain\prestamo.ts">
      <metrics statements="6" coveredstatements="3" conditionals="6" coveredconditionals="1" methods="1" coveredmethods="1"/>
      <line num="14" count="1" type="stmt"/>
      <line num="16" count="1" type="cond" truecount="1" falsecount="3"/>
      <line num="18" count="1" type="stmt"/>
      <line num="20" count="0" type="stmt"/>
      <line num="22" count="0" type="cond" truecount="0" falsecount="2"/>
      <line num="24" count="0" type="stmt"/>
    </file>
  </project>
</coverage>
