{"C:\\Users\\oliva\\Desktop\\node-jest-typescript\\src\\domain\\mayor-edad.ts": {"path":"C:\\Users\\oliva\\Desktop\\node-jest-typescript\\src\\domain\\mayor-edad.ts","statementMap":{"0":{"start":{"line":11,"column":0},"end":{"line":11,"column":16}},"1":{"start":{"line":13,"column":4},"end":{"line":13,"column":70}},"2":{"start":{"line":13,"column":36},"end":{"line":13,"column":70}},"3":{"start":{"line":15,"column":4},"end":{"line":15,"column":49}},"4":{"start":{"line":15,"column":15},"end":{"line":15,"column":49}},"5":{"start":{"line":19,"column":4},"end":{"line":19,"column":22}}},"fnMap":{"0":{"name":"esMayorDeEdad","decl":{"start":{"line":11,"column":16},"end":{"line":11,"column":29}},"loc":{"start":{"line":11,"column":41},"end":{"line":20,"column":1}}}},"branchMap":{"0":{"loc":{"start":{"line":13,"column":4},"end":{"line":13,"column":70}},"type":"if","locations":[{"start":{"line":13,"column":4},"end":{"line":13,"column":70}}]},"1":{"loc":{"start":{"line":15,"column":4},"end":{"line":15,"column":49}},"type":"if","locations":[{"start":{"line":15,"column":4},"end":{"line":15,"column":49}}]}},"s":{"0":1,"1":16,"2":11,"3":5,"4":1,"5":4},"f":{"0":16},"b":{"0":[11],"1":[1]}}
,"C:\\Users\\oliva\\Desktop\\node-jest-typescript\\src\\domain\\prestamo.ts": {"path":"C:\\Users\\oliva\\Desktop\\node-jest-typescript\\src\\domain\\prestamo.ts","statementMap":{"0":{"start":{"line":14,"column":0},"end":{"line":14,"column":16}},"1":{"start":{"line":16,"column":4},"end":{"line":25,"column":5}},"2":{"start":{"line":18,"column":12},"end":{"line":18,"column":25}},"3":{"start":{"line":20,"column":12},"end":{"line":20,"column":null}},"4":{"start":{"line":22,"column":12},"end":{"line":22,"column":54}},"5":{"start":{"line":24,"column":12},"end":{"line":24,"column":50}}},"fnMap":{"0":{"name":"puedeAprobarPrestamo","decl":{"start":{"line":14,"column":16},"end":{"line":14,"column":36}},"loc":{"start":{"line":14,"column":53},"end":{"line":26,"column":1}}}},"branchMap":{"0":{"loc":{"start":{"line":16,"column":4},"end":{"line":25,"column":5}},"type":"switch","locations":[{"start":{"line":17,"column":8},"end":{"line":18,"column":25}},{"start":{"line":19,"column":8},"end":{"line":20,"column":null}},{"start":{"line":21,"column":8},"end":{"line":22,"column":54}},{"start":{"line":23,"column":8},"end":{"line":24,"column":50}}]},"1":{"loc":{"start":{"line":22,"column":19},"end":{"line":22,"column":53}},"type":"cond-expr","locations":[{"start":{"line":22,"column":41},"end":{"line":22,"column":46}},{"start":{"line":22,"column":49},"end":{"line":22,"column":53}}]}},"s":{"0":1,"1":1,"2":1,"3":0,"4":0,"5":0},"f":{"0":1},"b":{"0":[1,0,0,0],"1":[0,0]}}
}
