{"C:\\Users\\oliva\\Desktop\\node-jest-typescript\\src\\domain\\descuento.ts": {"path":"C:\\Users\\oliva\\Desktop\\node-jest-typescript\\src\\domain\\descuento.ts","statementMap":{"0":{"start":{"line":13,"column":0},"end":{"line":13,"column":16}},"1":{"start":{"line":5,"column":4},"end":{"line":5,"column":52}},"2":{"start":{"line":5,"column":17},"end":{"line":5,"column":52}},"3":{"start":{"line":6,"column":4},"end":{"line":6,"column":72}},"4":{"start":{"line":6,"column":30},"end":{"line":6,"column":72}},"5":{"start":{"line":7,"column":4},"end":{"line":7,"column":72}},"6":{"start":{"line":7,"column":30},"end":{"line":7,"column":72}},"7":{"start":{"line":8,"column":4},"end":{"line":10,"column":5}},"8":{"start":{"line":9,"column":8},"end":{"line":9,"column":57}},"9":{"start":{"line":14,"column":4},"end":{"line":14,"column":24}},"10":{"start":{"line":16,"column":54},"end":{"line":16,"column":57}},"11":{"start":{"line":18,"column":4},"end":{"line":25,"column":5}},"12":{"start":{"line":19,"column":8},"end":{"line":24,"column":10}},"13":{"start":{"line":27,"column":17},"end":{"line":27,"column":18}},"14":{"start":{"line":28,"column":42},"end":{"line":28,"column":44}},"15":{"start":{"line":30,"column":4},"end":{"line":34,"column":5}},"16":{"start":{"line":31,"column":22},"end":{"line":31,"column":33}},"17":{"start":{"line":32,"column":8},"end":{"line":32,"column":24}},"18":{"start":{"line":33,"column":8},"end":{"line":33,"column":58}},"19":{"start":{"line":36,"column":4},"end":{"line":40,"column":5}},"20":{"start":{"line":37,"column":22},"end":{"line":37,"column":33}},"21":{"start":{"line":38,"column":8},"end":{"line":38,"column":24}},"22":{"start":{"line":39,"column":8},"end":{"line":39,"column":58}},"23":{"start":{"line":42,"column":4},"end":{"line":47,"column":6}}},"fnMap":{"0":{"name":"validarEntrada","decl":{"start":{"line":4,"column":9},"end":{"line":4,"column":23}},"loc":{"start":{"line":4,"column":43},"end":{"line":11,"column":1}}},"1":{"name":"calcularPrecioFinal","decl":{"start":{"line":13,"column":16},"end":{"line":13,"column":35}},"loc":{"start":{"line":13,"column":57},"end":{"line":48,"column":1}}}},"branchMap":{"0":{"loc":{"start":{"line":5,"column":4},"end":{"line":5,"column":52}},"type":"if","locations":[{"start":{"line":5,"column":4},"end":{"line":5,"column":52}}]},"1":{"loc":{"start":{"line":6,"column":4},"end":{"line":6,"column":72}},"type":"if","locations":[{"start":{"line":6,"column":4},"end":{"line":6,"column":72}}]},"2":{"loc":{"start":{"line":6,"column":8},"end":{"line":6,"column":28}},"type":"binary-expr","locations":[{"start":{"line":6,"column":8},"end":{"line":6,"column":16}},{"start":{"line":6,"column":20},"end":{"line":6,"column":28}}]},"3":{"loc":{"start":{"line":7,"column":4},"end":{"line":7,"column":72}},"type":"if","locations":[{"start":{"line":7,"column":4},"end":{"line":7,"column":72}}]},"4":{"loc":{"start":{"line":7,"column":8},"end":{"line":7,"column":28}},"type":"binary-expr","locations":[{"start":{"line":7,"column":8},"end":{"line":7,"column":16}},{"start":{"line":7,"column":20},"end":{"line":7,"column":28}}]},"5":{"loc":{"start":{"line":8,"column":4},"end":{"line":10,"column":5}},"type":"if","locations":[{"start":{"line":8,"column":4},"end":{"line":10,"column":5}}]},"6":{"loc":{"start":{"line":8,"column":8},"end":{"line":8,"column":68}},"type":"binary-expr","locations":[{"start":{"line":8,"column":8},"end":{"line":8,"column":43}},{"start":{"line":8,"column":47},"end":{"line":8,"column":68}}]},"7":{"loc":{"start":{"line":18,"column":4},"end":{"line":25,"column":5}},"type":"if","locations":[{"start":{"line":18,"column":4},"end":{"line":25,"column":5}}]},"8":{"loc":{"start":{"line":30,"column":4},"end":{"line":34,"column":5}},"type":"if","locations":[{"start":{"line":30,"column":4},"end":{"line":34,"column":5}}]},"9":{"loc":{"start":{"line":30,"column":8},"end":{"line":30,"column":25}},"type":"binary-expr","locations":[{"start":{"line":30,"column":8},"end":{"line":30,"column":15}},{"start":{"line":30,"column":19},"end":{"line":30,"column":25}}]},"10":{"loc":{"start":{"line":36,"column":4},"end":{"line":40,"column":5}},"type":"if","locations":[{"start":{"line":36,"column":4},"end":{"line":40,"column":5}}]},"11":{"loc":{"start":{"line":36,"column":8},"end":{"line":36,"column":27}},"type":"binary-expr","locations":[{"start":{"line":36,"column":8},"end":{"line":36,"column":17}},{"start":{"line":36,"column":21},"end":{"line":36,"column":27}}]}},"s":{"0":1,"1":8,"2":0,"3":8,"4":1,"5":7,"6":1,"7":6,"8":0,"9":8,"10":6,"11":6,"12":1,"13":5,"14":5,"15":5,"16":3,"17":3,"18":3,"19":5,"20":3,"21":3,"22":3,"23":5},"f":{"0":8,"1":8},"b":{"0":[0],"1":[1],"2":[8,7],"3":[1],"4":[7,7],"5":[0],"6":[6,6],"7":[1],"8":[3],"9":[5,3],"10":[3],"11":[5,3]}}
}
