TN:
SF:src\domain\mayor-edad.ts
FN:9,esMayorDeEdad
FNF:1
FNH:1
FNDA:16,esMayorDeEdad
DA:9,1
DA:11,16
DA:12,5
DA:14,4
LF:4
LH:4
BRDA:11,0,0,11
BRDA:12,1,0,1
BRF:2
BRH:2
end_of_record
TN:
SF:src\domain\prestamo.ts
FN:14,puedeAprobarPrestamo
FNF:1
FNH:1
FNDA:7,puedeAprobarPrestamo
DA:14,1
DA:16,7
DA:18,2
DA:20,2
DA:22,2
DA:25,1
LF:6
LH:6
BRDA:16,0,0,2
BRDA:16,0,1,2
BRDA:16,0,2,2
BRDA:16,0,3,1
BRDA:22,1,0,1
BRDA:22,1,1,1
BRF:6
BRH:6
end_of_record
TN:
SF:src\domain\rechazo-inmediato.ts
FN:9,rechazoInmediato
FNF:1
FNH:1
FNDA:19,rechazoInmediato
DA:5,1
DA:6,1
DA:9,1
DA:11,19
DA:13,18
DA:15,16
DA:17,15
DA:18,15
DA:20,15
DA:22,13
DA:24,4
DA:26,3
DA:28,3
DA:30,2
DA:33,1
LF:15
LH:15
BRDA:11,0,0,1
BRDA:13,1,0,2
BRDA:13,2,0,18
BRDA:13,2,1,18
BRDA:15,3,0,1
BRDA:15,4,0,16
BRDA:15,4,1,2
BRDA:17,5,0,15
BRDA:17,5,1,14
BRDA:18,6,0,15
BRDA:18,6,1,3
BRDA:18,6,2,1
BRDA:20,7,0,2
BRDA:22,8,0,4
BRDA:22,8,1,3
BRDA:22,8,2,3
BRDA:22,8,3,2
BRDA:22,8,4,1
BRDA:24,9,0,4
BRDA:24,9,1,2
BRDA:26,10,0,3
BRDA:26,10,1,2
BRDA:28,11,0,3
BRDA:28,11,1,2
BRF:24
BRH:24
end_of_record
