TN:
SF:src\domain\descuento.ts
FN:4,validarEntrada
FN:13,calcularPrecioFinal
FNF:2
FNH:2
FNDA:8,validarEntrada
FNDA:8,calcularPrecioFinal
DA:5,8
DA:6,8
DA:7,7
DA:8,6
DA:9,0
DA:13,1
DA:14,8
DA:16,6
DA:18,6
DA:19,1
DA:27,5
DA:28,5
DA:30,5
DA:31,3
DA:32,3
DA:33,3
DA:36,5
DA:37,3
DA:38,3
DA:39,3
DA:42,5
LF:21
LH:20
BRDA:5,0,0,0
BRDA:6,1,0,1
BRDA:6,2,0,8
BRDA:6,2,1,7
BRDA:7,3,0,1
BRDA:7,4,0,7
BRDA:7,4,1,7
BRDA:8,5,0,0
BRDA:8,6,0,6
BRDA:8,6,1,6
BRDA:18,7,0,1
BRDA:30,8,0,3
BRDA:30,9,0,5
BRDA:30,9,1,3
BRDA:36,10,0,3
BRDA:36,11,0,5
BRDA:36,11,1,3
BRF:17
BRH:15
end_of_record
